<?xml version="1.0" encoding="UTF-8"?>
<testng-results ignored="0" total="1" passed="1" failed="0" skipped="0">
  <reporter-output>
  </reporter-output>
  <suite started-at="2023-11-28T14:43:31 IST" name="Default suite" finished-at="2023-11-28T14:43:31 IST" duration-ms="137">
    <groups>
    </groups>
    <test started-at="2023-11-28T14:43:31 IST" name="Default test" finished-at="2023-11-28T14:43:31 IST" duration-ms="137">
      <class name="org.hrm.employee.TestScript_Employee_1_Test">
        <test-method signature="generateEmpId_1_Test()[pri:0, instance:org.hrm.employee.TestScript_Employee_1_Test@689604d9]" started-at="2023-11-28T14:43:31 IST" name="generateEmpId_1_Test" finished-at="2023-11-28T14:43:31 IST" duration-ms="19" status="PASS">
          <reporter-output>
          </reporter-output>
        </test-method> <!-- generateEmpId_1_Test -->
      </class> <!-- org.hrm.employee.TestScript_Employee_1_Test -->
    </test> <!-- Default test -->
  </suite> <!-- Default suite -->
</testng-results>
